<?xml version="1.0" encoding="UTF-8"?>
<!-- Generated by org.testng.reporters.JUnitReportReporter -->
<testsuite hostname="dellinspiron-5570" failures="0" tests="3" name="broadwayinfosys.Broadway" time="7.547" errors="0" timestamp="2024-06-24T21:57:55 NPT" skipped="0">
  <testcase classname="broadwayinfosys.Broadway" name="landingPage" time="4.205"/>
  <system-out/>
  <testcase classname="broadwayinfosys.Broadway" name="courseResults" time="1.147"/>
  <system-out/>
  <testcase classname="broadwayinfosys.Broadway" name="HoverTest" time="2.195"/>
  <system-out/>
</testsuite> <!-- broadwayinfosys.Broadway -->
